<?xml version="1.0" encoding="UTF-8"?>
<!-- Generated by org.testng.reporters.JUnitReportReporter -->
<testsuite hostname="SV2664" failures="0" tests="1" name="E2E.E2EProject.AppTest" time="0.000" errors="0" timestamp="13 Jun 2020 18:54:40 GMT" skipped="1">
  <testcase classname="E2E.E2EProject.AppTest" name="shouldAnswerWithTrue" time="0.000">
    <skipped/>
  </testcase> <!-- shouldAnswerWithTrue -->
</testsuite> <!-- E2E.E2EProject.AppTest -->
