<?xml version="1.0" encoding="UTF-8"?>
<!-- Generated by org.testng.reporters.JUnitReportReporter -->
<testsuite hostname="SV2664" failures="0" tests="2" name="E2E.E2EProject.HomePageTest" time="3.188" errors="0" timestamp="14 Jun 2020 22:13:16 GMT" skipped="0">
  <testcase classname="E2E.E2EProject.HomePageTest" name="selectItem" time="0.003"/>
  <testcase classname="E2E.E2EProject.HomePageTest" name="successfullLogin" time="3.185"/>
</testsuite> <!-- E2E.E2EProject.HomePageTest -->
