<?xml version="1.0" encoding="UTF-8"?>
<!-- Generated by org.testng.reporters.JUnitReportReporter -->
<testsuite skipped="0" hostname="LPC0AGS3Q" name="E2E.E2EProject.HomePage" tests="2" failures="0" timestamp="09 May 2020 18:22:02 GMT" time="33.257" errors="0">
  <testcase name="basePageNavigation" time="17.962" classname="E2E.E2EProject.HomePage"/>
  <testcase name="basePageNavigation" time="15.295" classname="E2E.E2EProject.HomePage"/>
</testsuite> <!-- E2E.E2EProject.HomePage -->
